<?xml version="1.0" encoding="UTF-8"?>
<testsuite name="ohtuesimerkki.StatisticsTest" tests="5" skipped="0" failures="0" errors="0" timestamp="2017-03-25T02:32:58" hostname="ola-PC" time="0.007">
  <properties/>
  <testcase name="teamReturnsCorrectPlayersOfATeam" classname="ohtuesimerkki.StatisticsTest" time="0.006"/>
  <testcase name="searchWorksWithNonExistentName" classname="ohtuesimerkki.StatisticsTest" time="0.0"/>
  <testcase name="searchWorks" classname="ohtuesimerkki.StatisticsTest" time="0.0"/>
  <testcase name="topScorersReturnsTheCorrectAmountOfPlayers" classname="ohtuesimerkki.StatisticsTest" time="0.0"/>
  <testcase name="topScorersReturnsCorrectTopScorer" classname="ohtuesimerkki.StatisticsTest" time="0.0"/>
  <system-out><![CDATA[]]></system-out>
  <system-err><![CDATA[]]></system-err>
</testsuite>
